<?xml version="1.0" encoding="UTF-8"?>
<!-- Generated by org.testng.reporters.JUnitReportReporter -->
<testsuite hostname="V002395s-Mac-mini.local" failures="0" tests="2" name="TestParallelDevice" time="8.580" errors="0" timestamp="08 Dec 2021 09:10:53 GMT" skipped="0">
  <testcase classname="TestParallelDevice" name="testDriverApp" time="4.237"/>
  <testcase classname="TestParallelDevice" name="testDriverApp1" time="4.343"/>
</testsuite> <!-- TestParallelDevice -->
