<?xml version="1.0" encoding="UTF-8"?>
<!-- Generated by org.testng.reporters.JUnitReportReporter -->
<testsuite hostname="V002395s-Mac-mini.local" failures="0" tests="6" name="TestLoginScreen" time="110.246" errors="0" timestamp="10 Dec 2021 09:23:41 GMT" skipped="0">
  <testcase classname="TestLoginScreen" name="testLoginScreenView" time="16.557"/>
  <testcase classname="TestLoginScreen" name="testSettingScreen" time="17.865"/>
  <testcase classname="TestLoginScreen" name="testListMusicScreen" time="21.439"/>
  <testcase classname="TestLoginScreen" name="testListMusicScreen" time="21.286"/>
  <testcase classname="TestLoginScreen" name="testLoginScreenView" time="15.781"/>
  <testcase classname="TestLoginScreen" name="testSettingScreen" time="17.318"/>
</testsuite> <!-- TestLoginScreen -->
